# JRE version: OpenJDK Runtime Environment (11.0.11+9) (build 11.0.11+9-b60-7590822)
# Java VM: OpenJDK 64-Bit Server VM (11.0.11+9-b60-7590822, mixed mode, tiered, compressed oops, g1 gc, windows-amd64)
Heap:
 garbage-first heap   total 129024K, used 77684K [0x0000000080000000, 0x0000000100000000)
  region size 1024K, 58 young (59392K), 8 survivors (8192K)
 Metaspace       used 44505K, capacity 45521K, committed 45692K, reserved 1089536K
  class space    used 5704K, capacity 6068K, committed 6144K, reserved 1048576K
GC Heap History (14 events):
Event: 1.685 GC heap before
{Heap before GC invocations=0 (full 0):
 garbage-first heap   total 129024K, used 29696K [0x0000000080000000, 0x0000000100000000)
  region size 1024K, 24 young (24576K), 0 survivors (0K)
 Metaspace       used 10229K, capacity 10499K, committed 10624K, reserved 1058816K
  class space    used 1068K, capacity 1138K, committed 1152K, reserved 1048576K
}
Event: 1.699 GC heap after
{Heap after GC invocations=1 (full 0):
 garbage-first heap   total 129024K, used 9324K [0x0000000080000000, 0x0000000100000000)
  region size 1024K, 3 young (3072K), 3 survivors (3072K)
 Metaspace       used 10229K, capacity 10499K, committed 10624K, reserved 1058816K
  class space    used 1068K, capacity 1138K, committed 1152K, reserved 1048576K
}
Event: 2.563 GC heap before
{Heap before GC invocations=1 (full 0):
 garbage-first heap   total 129024K, used 31852K [0x0000000080000000, 0x0000000100000000)
  region size 1024K, 25 young (25600K), 3 survivors (3072K)
 Metaspace       used 11222K, capacity 11456K, committed 11520K, reserved 1058816K
  class space    used 1175K, capacity 1244K, committed 1280K, reserved 1048576K
}
Event: 2.569 GC heap after
{Heap after GC invocations=2 (full 0):
 garbage-first heap   total 129024K, used 10148K [0x0000000080000000, 0x0000000100000000)
  region size 1024K, 1 young (1024K), 1 survivors (1024K)
 Metaspace       used 11222K, capacity 11456K, committed 11520K, reserved 1058816K
  class space    used 1175K, capacity 1244K, committed 1280K, reserved 1048576K
}
Event: 9.115 GC heap before
{Heap before GC invocations=2 (full 0):
 garbage-first heap   total 129024K, used 62372K [0x0000000080000000, 0x0000000100000000)
  region size 1024K, 52 young (53248K), 1 survivors (1024K)
 Metaspace       used 17676K, capacity 18132K, committed 18432K, reserved 1064960K
  class space    used 2088K, capacity 2219K, committed 2304K, reserved 1048576K
}
Event: 9.123 GC heap after
{Heap after GC invocations=3 (full 0):
 garbage-first heap   total 129024K, used 16193K [0x0000000080000000, 0x0000000100000000)
  region size 1024K, 7 young (7168K), 7 survivors (7168K)
 Metaspace       used 17676K, capacity 18132K, committed 18432K, reserved 1064960K
  class space    used 2088K, capacity 2219K, committed 2304K, reserved 1048576K
}
Event: 9.687 GC heap before
{Heap before GC invocations=3 (full 0):
 garbage-first heap   total 129024K, used 40769K [0x0000000080000000, 0x0000000100000000)
  region size 1024K, 32 young (32768K), 7 survivors (7168K)
 Metaspace       used 20698K, capacity 21180K, committed 21296K, reserved 1069056K
  class space    used 2535K, capacity 2660K, committed 2688K, reserved 1048576K
}
Event: 9.699 GC heap after
{Heap after GC invocations=4 (full 0):
 garbage-first heap   total 129024K, used 17711K [0x0000000080000000, 0x0000000100000000)
  region size 1024K, 2 young (2048K), 2 survivors (2048K)
 Metaspace       used 20698K, capacity 21180K, committed 21296K, reserved 1069056K
  class space    used 2535K, capacity 2660K, committed 2688K, reserved 1048576K
}
Event: 12.068 GC heap before
{Heap before GC invocations=5 (full 0):
 garbage-first heap   total 129024K, used 71983K [0x0000000080000000, 0x0000000100000000)
  region size 1024K, 56 young (57344K), 2 survivors (2048K)
 Metaspace       used 26234K, capacity 26779K, committed 26928K, reserved 1073152K
  class space    used 3430K, capacity 3618K, committed 3712K, reserved 1048576K
}
Event: 12.073 GC heap after
{Heap after GC invocations=6 (full 0):
 garbage-first heap   total 129024K, used 19577K [0x0000000080000000, 0x0000000100000000)
  region size 1024K, 3 young (3072K), 3 survivors (3072K)
 Metaspace       used 26234K, capacity 26779K, committed 26928K, reserved 1073152K
  class space    used 3430K, capacity 3618K, committed 3712K, reserved 1048576K
}
Event: 13.690 GC heap before
{Heap before GC invocations=6 (full 0):
 garbage-first heap   total 129024K, used 74873K [0x0000000080000000, 0x0000000100000000)
  region size 1024K, 58 young (59392K), 3 survivors (3072K)
 Metaspace       used 34915K, capacity 35659K, committed 35708K, reserved 1081344K
  class space    used 4535K, capacity 4861K, committed 4864K, reserved 1048576K
}
Event: 13.703 GC heap after
{Heap after GC invocations=7 (full 0):
 garbage-first heap   total 129024K, used 23056K [0x0000000080000000, 0x0000000100000000)
  region size 1024K, 7 young (7168K), 7 survivors (7168K)
 Metaspace       used 34915K, capacity 35659K, committed 35708K, reserved 1081344K
  class space    used 4535K, capacity 4861K, committed 4864K, reserved 1048576K
}
Event: 15.442 GC heap before
{Heap before GC invocations=8 (full 0):
 garbage-first heap   total 129024K, used 85520K [0x0000000080000000, 0x0000000100000000)
  region size 1024K, 65 young (66560K), 7 survivors (7168K)
 Metaspace       used 40545K, capacity 41471K, committed 41596K, reserved 1085440K
  class space    used 5210K, capacity 5549K, committed 5632K, reserved 1048576K
}
Event: 15.454 GC heap after
{Heap after GC invocations=9 (full 0):
 garbage-first heap   total 129024K, used 27508K [0x0000000080000000, 0x0000000100000000)
  region size 1024K, 8 young (8192K), 8 survivors (8192K)
 Metaspace       used 40545K, capacity 41471K, committed 41596K, reserved 1085440K
  class space    used 5210K, capacity 5549K, committed 5632K, reserved 1048576K
}

